# JRE version: OpenJDK Runtime Environment (17.0.11) (build 17.0.11+0--11852314)
# Java VM: OpenJDK 64-Bit Server VM (17.0.11+0--11852314, mixed mode, tiered, compressed oops, compressed class ptrs, g1 gc, windows-amd64)
GC Precious Log:
 CPUs: 4 total, 4 available
 Memory: 8077M
 Large Page Support: Disabled
 NUMA Support: Disabled
 Compressed Oops: Enabled (32-bit)
 Heap Region Size: 1M
 Heap Min Capacity: 8M
 Heap Initial Capacity: 128M
 Heap Max Capacity: 2G
 Pre-touch: Disabled
 Parallel Workers: 4
 Concurrent Workers: 1
 Concurrent Refinement Workers: 4
 Periodic GC: Disabled
Heap:
 garbage-first heap   total 183296K, used 97399K [0x0000000080000000, 0x0000000100000000)
  region size 1024K, 1 young (1024K), 1 survivors (1024K)
 Metaspace       used 73846K, committed 74496K, reserved 1114112K
  class space    used 10005K, committed 10304K, reserved 1048576K
GC Heap History (20 events):
Event: 11.677 GC heap after
{Heap after GC invocations=30 (full 0):
 garbage-first heap   total 124928K, used 72357K [0x0000000080000000, 0x0000000100000000)
  region size 1024K, 3 young (3072K), 3 survivors (3072K)
 Metaspace       used 59883K, committed 60480K, reserved 1114112K
  class space    used 8201K, committed 8448K, reserved 1048576K
}
Event: 12.546 GC heap before
{Heap before GC invocations=31 (full 0):
 garbage-first heap   total 124928K, used 96933K [0x0000000080000000, 0x0000000100000000)
  region size 1024K, 27 young (27648K), 3 survivors (3072K)
 Metaspace       used 61832K, committed 62528K, reserved 1114112K
  class space    used 8476K, committed 8768K, reserved 1048576K
}
Event: 12.559 GC heap after
{Heap after GC invocations=32 (full 0):
 garbage-first heap   total 124928K, used 75059K [0x0000000080000000, 0x0000000100000000)
  region size 1024K, 4 young (4096K), 4 survivors (4096K)
 Metaspace       used 61832K, committed 62528K, reserved 1114112K
  class space    used 8476K, committed 8768K, reserved 1048576K
}
Event: 12.942 GC heap before
{Heap before GC invocations=32 (full 0):
 garbage-first heap   total 124928K, used 97587K [0x0000000080000000, 0x0000000100000000)
  region size 1024K, 27 young (27648K), 4 survivors (4096K)
 Metaspace       used 62084K, committed 62720K, reserved 1114112K
  class space    used 8480K, committed 8768K, reserved 1048576K
}
Event: 12.952 GC heap after
{Heap after GC invocations=33 (full 0):
 garbage-first heap   total 150528K, used 78618K [0x0000000080000000, 0x0000000100000000)
  region size 1024K, 4 young (4096K), 4 survivors (4096K)
 Metaspace       used 62084K, committed 62720K, reserved 1114112K
  class space    used 8480K, committed 8768K, reserved 1048576K
}
Event: 13.671 GC heap before
{Heap before GC invocations=34 (full 0):
 garbage-first heap   total 150528K, used 121626K [0x0000000080000000, 0x0000000100000000)
  region size 1024K, 41 young (41984K), 4 survivors (4096K)
 Metaspace       used 63523K, committed 64192K, reserved 1114112K
  class space    used 8661K, committed 8960K, reserved 1048576K
}
Event: 13.678 GC heap after
{Heap after GC invocations=35 (full 0):
 garbage-first heap   total 150528K, used 89600K [0x0000000080000000, 0x0000000100000000)
  region size 1024K, 6 young (6144K), 6 survivors (6144K)
 Metaspace       used 63523K, committed 64192K, reserved 1114112K
  class space    used 8661K, committed 8960K, reserved 1048576K
}
Event: 13.698 GC heap before
{Heap before GC invocations=35 (full 0):
 garbage-first heap   total 150528K, used 91648K [0x0000000080000000, 0x0000000100000000)
  region size 1024K, 7 young (7168K), 6 survivors (6144K)
 Metaspace       used 63569K, committed 64192K, reserved 1114112K
  class space    used 8667K, committed 8960K, reserved 1048576K
}
Event: 13.703 GC heap after
{Heap after GC invocations=36 (full 0):
 garbage-first heap   total 150528K, used 90703K [0x0000000080000000, 0x0000000100000000)
  region size 1024K, 1 young (1024K), 1 survivors (1024K)
 Metaspace       used 63569K, committed 64192K, reserved 1114112K
  class space    used 8667K, committed 8960K, reserved 1048576K
}
Event: 14.106 GC heap before
{Heap before GC invocations=36 (full 0):
 garbage-first heap   total 150528K, used 117327K [0x0000000080000000, 0x0000000100000000)
  region size 1024K, 28 young (28672K), 1 survivors (1024K)
 Metaspace       used 65703K, committed 66368K, reserved 1114112K
  class space    used 8960K, committed 9280K, reserved 1048576K
}
Event: 14.109 GC heap after
{Heap after GC invocations=37 (full 0):
 garbage-first heap   total 150528K, used 91266K [0x0000000080000000, 0x0000000100000000)
  region size 1024K, 2 young (2048K), 2 survivors (2048K)
 Metaspace       used 65703K, committed 66368K, reserved 1114112K
  class space    used 8960K, committed 9280K, reserved 1048576K
}
Event: 14.685 GC heap before
{Heap before GC invocations=38 (full 0):
 garbage-first heap   total 163840K, used 118914K [0x0000000080000000, 0x0000000100000000)
  region size 1024K, 30 young (30720K), 2 survivors (2048K)
 Metaspace       used 68686K, committed 69376K, reserved 1114112K
  class space    used 9275K, committed 9600K, reserved 1048576K
}
Event: 14.688 GC heap after
{Heap after GC invocations=39 (full 0):
 garbage-first heap   total 163840K, used 91663K [0x0000000080000000, 0x0000000100000000)
  region size 1024K, 2 young (2048K), 2 survivors (2048K)
 Metaspace       used 68686K, committed 69376K, reserved 1114112K
  class space    used 9275K, committed 9600K, reserved 1048576K
}
Event: 14.820 GC heap before
{Heap before GC invocations=39 (full 0):
 garbage-first heap   total 163840K, used 97807K [0x0000000080000000, 0x0000000100000000)
  region size 1024K, 8 young (8192K), 2 survivors (2048K)
 Metaspace       used 69225K, committed 69952K, reserved 1114112K
  class space    used 9368K, committed 9728K, reserved 1048576K
}
Event: 14.825 GC heap after
{Heap after GC invocations=40 (full 0):
 garbage-first heap   total 163840K, used 91189K [0x0000000080000000, 0x0000000100000000)
  region size 1024K, 1 young (1024K), 1 survivors (1024K)
 Metaspace       used 69225K, committed 69952K, reserved 1114112K
  class space    used 9368K, committed 9728K, reserved 1048576K
}
Event: 15.279 GC heap before
{Heap before GC invocations=40 (full 0):
 garbage-first heap   total 163840K, used 107573K [0x0000000080000000, 0x0000000100000000)
  region size 1024K, 18 young (18432K), 1 survivors (1024K)
 Metaspace       used 71729K, committed 72448K, reserved 1114112K
  class space    used 9707K, committed 10048K, reserved 1048576K
}
Event: 15.284 GC heap after
{Heap after GC invocations=41 (full 0):
 garbage-first heap   total 163840K, used 92979K [0x0000000080000000, 0x0000000100000000)
  region size 1024K, 3 young (3072K), 3 survivors (3072K)
 Metaspace       used 71729K, committed 72448K, reserved 1114112K
  class space    used 9707K, committed 10048K, reserved 1048576K
}
Event: 15.906 GC heap before
{Heap before GC invocations=42 (full 0):
 garbage-first heap   total 183296K, used 135987K [0x0000000080000000, 0x0000000100000000)
  region size 1024K, 40 young (40960K), 3 survivors (3072K)
 Metaspace       used 73638K, committed 74304K, reserved 1114112K
  class space    used 9974K, committed 10304K, reserved 1048576K
}
Event: 15.915 GC heap after
{Heap after GC invocations=43 (full 0):
 garbage-first heap   total 183296K, used 97118K [0x0000000080000000, 0x0000000100000000)
  region size 1024K, 5 young (5120K), 5 survivors (5120K)
 Metaspace       used 73638K, committed 74304K, reserved 1114112K
  class space    used 9974K, committed 10304K, reserved 1048576K
}
Event: 15.969 GC heap before
{Heap before GC invocations=43 (full 0):
 garbage-first heap   total 183296K, used 100190K [0x0000000080000000, 0x0000000100000000)
  region size 1024K, 8 young (8192K), 5 survivors (5120K)
 Metaspace       used 73846K, committed 74496K, reserved 1114112K
  class space    used 10005K, committed 10304K, reserved 1048576K
}

