# JRE version: OpenJDK Runtime Environment (17.0.11) (build 17.0.11+0--11852314)
# Java VM: OpenJDK 64-Bit Server VM (17.0.11+0--11852314, mixed mode, tiered, compressed oops, compressed class ptrs, g1 gc, windows-amd64)
GC Precious Log:
 CPUs: 4 total, 4 available
 Memory: 8077M
 Large Page Support: Disabled
 NUMA Support: Disabled
 Compressed Oops: Enabled (32-bit)
 Heap Region Size: 1M
 Heap Min Capacity: 8M
 Heap Initial Capacity: 128M
 Heap Max Capacity: 2G
 Pre-touch: Disabled
 Parallel Workers: 4
 Concurrent Workers: 1
 Concurrent Refinement Workers: 4
 Periodic GC: Disabled
Heap:
 garbage-first heap   total 181248K, used 103200K [0x0000000080000000, 0x0000000100000000)
  region size 1024K, 2 young (2048K), 2 survivors (2048K)
 Metaspace       used 84143K, committed 84800K, reserved 1179648K
  class space    used 11476K, committed 11776K, reserved 1048576K
GC Heap History (20 events):
Event: 21.909 GC heap after
{Heap after GC invocations=38 (full 0):
 garbage-first heap   total 147456K, used 90729K [0x0000000080000000, 0x0000000100000000)
  region size 1024K, 1 young (1024K), 1 survivors (1024K)
 Metaspace       used 64535K, committed 65216K, reserved 1114112K
  class space    used 8789K, committed 9088K, reserved 1048576K
}
Event: 22.474 GC heap before
{Heap before GC invocations=38 (full 0):
 garbage-first heap   total 147456K, used 118377K [0x0000000080000000, 0x0000000100000000)
  region size 1024K, 28 young (28672K), 1 survivors (1024K)
 Metaspace       used 67019K, committed 67648K, reserved 1114112K
  class space    used 9069K, committed 9344K, reserved 1048576K
}
Event: 22.477 GC heap after
{Heap after GC invocations=39 (full 0):
 garbage-first heap   total 147456K, used 91312K [0x0000000080000000, 0x0000000100000000)
  region size 1024K, 1 young (1024K), 1 survivors (1024K)
 Metaspace       used 67019K, committed 67648K, reserved 1114112K
  class space    used 9069K, committed 9344K, reserved 1048576K
}
Event: 23.085 GC heap before
{Heap before GC invocations=40 (full 0):
 garbage-first heap   total 163840K, used 118960K [0x0000000080000000, 0x0000000100000000)
  region size 1024K, 29 young (29696K), 1 survivors (1024K)
 Metaspace       used 69954K, committed 70592K, reserved 1114112K
  class space    used 9496K, committed 9792K, reserved 1048576K
}
Event: 23.090 GC heap after
{Heap after GC invocations=41 (full 0):
 garbage-first heap   total 163840K, used 92129K [0x0000000080000000, 0x0000000100000000)
  region size 1024K, 2 young (2048K), 2 survivors (2048K)
 Metaspace       used 69954K, committed 70592K, reserved 1114112K
  class space    used 9496K, committed 9792K, reserved 1048576K
}
Event: 23.204 GC heap before
{Heap before GC invocations=41 (full 0):
 garbage-first heap   total 163840K, used 98273K [0x0000000080000000, 0x0000000100000000)
  region size 1024K, 8 young (8192K), 2 survivors (2048K)
 Metaspace       used 70463K, committed 71168K, reserved 1114112K
  class space    used 9577K, committed 9920K, reserved 1048576K
}
Event: 23.209 GC heap after
{Heap after GC invocations=42 (full 0):
 garbage-first heap   total 163840K, used 91298K [0x0000000080000000, 0x0000000100000000)
  region size 1024K, 1 young (1024K), 1 survivors (1024K)
 Metaspace       used 70463K, committed 71168K, reserved 1114112K
  class space    used 9577K, committed 9920K, reserved 1048576K
}
Event: 23.399 GC heap before
{Heap before GC invocations=42 (full 0):
 garbage-first heap   total 163840K, used 96418K [0x0000000080000000, 0x0000000100000000)
  region size 1024K, 7 young (7168K), 1 survivors (1024K)
 Metaspace       used 71750K, committed 72448K, reserved 1114112K
  class space    used 9713K, committed 10048K, reserved 1048576K
}
Event: 23.401 GC heap after
{Heap after GC invocations=43 (full 0):
 garbage-first heap   total 163840K, used 92791K [0x0000000080000000, 0x0000000100000000)
  region size 1024K, 2 young (2048K), 2 survivors (2048K)
 Metaspace       used 71750K, committed 72448K, reserved 1114112K
  class space    used 9713K, committed 10048K, reserved 1048576K
}
Event: 24.350 GC heap before
{Heap before GC invocations=44 (full 0):
 garbage-first heap   total 181248K, used 136823K [0x0000000080000000, 0x0000000100000000)
  region size 1024K, 40 young (40960K), 2 survivors (2048K)
 Metaspace       used 73776K, committed 74496K, reserved 1114112K
  class space    used 9996K, committed 10304K, reserved 1048576K
}
Event: 24.356 GC heap after
{Heap after GC invocations=45 (full 0):
 garbage-first heap   total 181248K, used 97071K [0x0000000080000000, 0x0000000100000000)
  region size 1024K, 5 young (5120K), 5 survivors (5120K)
 Metaspace       used 73776K, committed 74496K, reserved 1114112K
  class space    used 9996K, committed 10304K, reserved 1048576K
}
Event: 24.414 GC heap before
{Heap before GC invocations=45 (full 0):
 garbage-first heap   total 181248K, used 100143K [0x0000000080000000, 0x0000000100000000)
  region size 1024K, 8 young (8192K), 5 survivors (5120K)
 Metaspace       used 73996K, committed 74688K, reserved 1114112K
  class space    used 10028K, committed 10368K, reserved 1048576K
}
Event: 24.420 GC heap after
{Heap after GC invocations=46 (full 0):
 garbage-first heap   total 181248K, used 97333K [0x0000000080000000, 0x0000000100000000)
  region size 1024K, 1 young (1024K), 1 survivors (1024K)
 Metaspace       used 73996K, committed 74688K, reserved 1114112K
  class space    used 10028K, committed 10368K, reserved 1048576K
}
Event: 25.278 GC heap before
{Heap before GC invocations=46 (full 0):
 garbage-first heap   total 181248K, used 142389K [0x0000000080000000, 0x0000000100000000)
  region size 1024K, 45 young (46080K), 1 survivors (1024K)
 Metaspace       used 77964K, committed 78656K, reserved 1179648K
  class space    used 10582K, committed 10880K, reserved 1048576K
}
Event: 25.283 GC heap after
{Heap after GC invocations=47 (full 0):
 garbage-first heap   total 181248K, used 98569K [0x0000000080000000, 0x0000000100000000)
  region size 1024K, 2 young (2048K), 2 survivors (2048K)
 Metaspace       used 77964K, committed 78656K, reserved 1179648K
  class space    used 10582K, committed 10880K, reserved 1048576K
}
Event: 26.066 GC heap before
{Heap before GC invocations=48 (full 0):
 garbage-first heap   total 181248K, used 144649K [0x0000000080000000, 0x0000000100000000)
  region size 1024K, 47 young (48128K), 2 survivors (2048K)
 Metaspace       used 81006K, committed 81664K, reserved 1179648K
  class space    used 10970K, committed 11264K, reserved 1048576K
}
Event: 26.075 GC heap after
{Heap after GC invocations=49 (full 0):
 garbage-first heap   total 181248K, used 102396K [0x0000000080000000, 0x0000000100000000)
  region size 1024K, 6 young (6144K), 6 survivors (6144K)
 Metaspace       used 81006K, committed 81664K, reserved 1179648K
  class space    used 10970K, committed 11264K, reserved 1048576K
}
Event: 26.103 GC heap before
{Heap before GC invocations=49 (full 0):
 garbage-first heap   total 181248K, used 104444K [0x0000000080000000, 0x0000000100000000)
  region size 1024K, 8 young (8192K), 6 survivors (6144K)
 Metaspace       used 81155K, committed 81856K, reserved 1179648K
  class space    used 10988K, committed 11328K, reserved 1048576K
}
Event: 26.110 GC heap after
{Heap after GC invocations=50 (full 0):
 garbage-first heap   total 181248K, used 102739K [0x0000000080000000, 0x0000000100000000)
  region size 1024K, 1 young (1024K), 1 survivors (1024K)
 Metaspace       used 81155K, committed 81856K, reserved 1179648K
  class space    used 10988K, committed 11328K, reserved 1048576K
}
Event: 26.809 GC heap before
{Heap before GC invocations=50 (full 0):
 garbage-first heap   total 181248K, used 147795K [0x0000000080000000, 0x0000000100000000)
  region size 1024K, 44 young (45056K), 1 survivors (1024K)
 Metaspace       used 84143K, committed 84800K, reserved 1179648K
  class space    used 11476K, committed 11776K, reserved 1048576K
}

