# JRE version: OpenJDK Runtime Environment (17.0.11) (build 17.0.11+0--11852314)
# Java VM: OpenJDK 64-Bit Server VM (17.0.11+0--11852314, mixed mode, tiered, compressed oops, compressed class ptrs, g1 gc, windows-amd64)
GC Precious Log:
 CPUs: 4 total, 4 available
 Memory: 8077M
 Large Page Support: Disabled
 NUMA Support: Disabled
 Compressed Oops: Enabled (32-bit)
 Heap Region Size: 1M
 Heap Min Capacity: 8M
 Heap Initial Capacity: 128M
 Heap Max Capacity: 2G
 Pre-touch: Disabled
 Parallel Workers: 4
 Concurrent Workers: 1
 Concurrent Refinement Workers: 4
 Periodic GC: Disabled
Heap:
 garbage-first heap   total 551936K, used 262418K [0x0000000080000000, 0x0000000100000000)
  region size 1024K, 9 young (9216K), 9 survivors (9216K)
 Metaspace       used 288245K, committed 289792K, reserved 1310720K
  class space    used 37349K, committed 38080K, reserved 1048576K
GC Heap History (20 events):
Event: 5718.286 GC heap after
{Heap after GC invocations=140 (full 0):
 garbage-first heap   total 551936K, used 246443K [0x0000000080000000, 0x0000000100000000)
  region size 1024K, 4 young (4096K), 4 survivors (4096K)
 Metaspace       used 263850K, committed 265280K, reserved 1310720K
  class space    used 34165K, committed 34816K, reserved 1048576K
}
Event: 5718.360 GC heap before
{Heap before GC invocations=140 (full 0):
 garbage-first heap   total 551936K, used 261803K [0x0000000080000000, 0x0000000100000000)
  region size 1024K, 20 young (20480K), 4 survivors (4096K)
 Metaspace       used 263858K, committed 265280K, reserved 1310720K
  class space    used 34165K, committed 34816K, reserved 1048576K
}
Event: 5718.379 GC heap after
{Heap after GC invocations=141 (full 0):
 garbage-first heap   total 551936K, used 244980K [0x0000000080000000, 0x0000000100000000)
  region size 1024K, 10 young (10240K), 10 survivors (10240K)
 Metaspace       used 263858K, committed 265280K, reserved 1310720K
  class space    used 34165K, committed 34816K, reserved 1048576K
}
Event: 5719.987 GC heap before
{Heap before GC invocations=142 (full 0):
 garbage-first heap   total 551936K, used 374004K [0x0000000080000000, 0x0000000100000000)
  region size 1024K, 129 young (132096K), 10 survivors (10240K)
 Metaspace       used 264233K, committed 265664K, reserved 1310720K
  class space    used 34133K, committed 34816K, reserved 1048576K
}
Event: 5720.021 GC heap after
{Heap after GC invocations=143 (full 0):
 garbage-first heap   total 551936K, used 262819K [0x0000000080000000, 0x0000000100000000)
  region size 1024K, 17 young (17408K), 17 survivors (17408K)
 Metaspace       used 264233K, committed 265664K, reserved 1310720K
  class space    used 34133K, committed 34816K, reserved 1048576K
}
Event: 5720.069 GC heap before
{Heap before GC invocations=143 (full 0):
 garbage-first heap   total 551936K, used 272035K [0x0000000080000000, 0x0000000100000000)
  region size 1024K, 26 young (26624K), 17 survivors (17408K)
 Metaspace       used 264238K, committed 265664K, reserved 1310720K
  class space    used 34133K, committed 34816K, reserved 1048576K
}
Event: 5720.117 GC heap after
{Heap after GC invocations=144 (full 0):
 garbage-first heap   total 551936K, used 256512K [0x0000000080000000, 0x0000000100000000)
  region size 1024K, 3 young (3072K), 3 survivors (3072K)
 Metaspace       used 264238K, committed 265664K, reserved 1310720K
  class space    used 34133K, committed 34816K, reserved 1048576K
}
Event: 5722.230 GC heap before
{Heap before GC invocations=144 (full 0):
 garbage-first heap   total 551936K, used 383488K [0x0000000080000000, 0x0000000100000000)
  region size 1024K, 127 young (130048K), 3 survivors (3072K)
 Metaspace       used 265880K, committed 267328K, reserved 1310720K
  class space    used 34312K, committed 35008K, reserved 1048576K
}
Event: 5722.259 GC heap after
{Heap after GC invocations=145 (full 0):
 garbage-first heap   total 551936K, used 274699K [0x0000000080000000, 0x0000000100000000)
  region size 1024K, 16 young (16384K), 16 survivors (16384K)
 Metaspace       used 265880K, committed 267328K, reserved 1310720K
  class space    used 34312K, committed 35008K, reserved 1048576K
}
Event: 5724.007 GC heap before
{Heap before GC invocations=146 (full 0):
 garbage-first heap   total 551936K, used 397579K [0x0000000080000000, 0x0000000100000000)
  region size 1024K, 137 young (140288K), 16 survivors (16384K)
 Metaspace       used 270552K, committed 272064K, reserved 1310720K
  class space    used 34836K, committed 35584K, reserved 1048576K
}
Event: 5724.031 GC heap after
{Heap after GC invocations=147 (full 0):
 garbage-first heap   total 551936K, used 274782K [0x0000000080000000, 0x0000000100000000)
  region size 1024K, 2 young (2048K), 2 survivors (2048K)
 Metaspace       used 270552K, committed 272064K, reserved 1310720K
  class space    used 34836K, committed 35584K, reserved 1048576K
}
Event: 5724.289 GC heap before
{Heap before GC invocations=147 (full 0):
 garbage-first heap   total 551936K, used 303454K [0x0000000080000000, 0x0000000100000000)
  region size 1024K, 26 young (26624K), 2 survivors (2048K)
 Metaspace       used 271616K, committed 273152K, reserved 1310720K
  class space    used 34980K, committed 35712K, reserved 1048576K
}
Event: 5724.311 GC heap after
{Heap after GC invocations=148 (full 0):
 garbage-first heap   total 551936K, used 274944K [0x0000000080000000, 0x0000000100000000)
  region size 1024K, 4 young (4096K), 4 survivors (4096K)
 Metaspace       used 271616K, committed 273152K, reserved 1310720K
  class space    used 34980K, committed 35712K, reserved 1048576K
}
Event: 5725.289 GC heap before
{Heap before GC invocations=148 (full 0):
 garbage-first heap   total 551936K, used 347648K [0x0000000080000000, 0x0000000100000000)
  region size 1024K, 76 young (77824K), 4 survivors (4096K)
 Metaspace       used 275576K, committed 277056K, reserved 1310720K
  class space    used 35511K, committed 36224K, reserved 1048576K
}
Event: 5725.309 GC heap after
{Heap after GC invocations=149 (full 0):
 garbage-first heap   total 551936K, used 278630K [0x0000000080000000, 0x0000000100000000)
  region size 1024K, 10 young (10240K), 10 survivors (10240K)
 Metaspace       used 275576K, committed 277056K, reserved 1310720K
  class space    used 35511K, committed 36224K, reserved 1048576K
}
Event: 5727.851 GC heap before
{Heap before GC invocations=150 (full 0):
 garbage-first heap   total 551936K, used 416870K [0x0000000080000000, 0x0000000100000000)
  region size 1024K, 145 young (148480K), 10 survivors (10240K)
 Metaspace       used 279634K, committed 281152K, reserved 1310720K
  class space    used 36042K, committed 36800K, reserved 1048576K
}
Event: 5727.864 GC heap after
{Heap after GC invocations=151 (full 0):
 garbage-first heap   total 551936K, used 274944K [0x0000000080000000, 0x0000000100000000)
  region size 1024K, 7 young (7168K), 7 survivors (7168K)
 Metaspace       used 279634K, committed 281152K, reserved 1310720K
  class space    used 36042K, committed 36800K, reserved 1048576K
}
Event: 5728.191 GC heap before
{Heap before GC invocations=151 (full 0):
 garbage-first heap   total 551936K, used 294400K [0x0000000080000000, 0x0000000100000000)
  region size 1024K, 26 young (26624K), 7 survivors (7168K)
 Metaspace       used 281269K, committed 282752K, reserved 1310720K
  class space    used 36399K, committed 37120K, reserved 1048576K
}
Event: 5728.221 GC heap after
{Heap after GC invocations=152 (full 0):
 garbage-first heap   total 551936K, used 263154K [0x0000000080000000, 0x0000000100000000)
  region size 1024K, 3 young (3072K), 3 survivors (3072K)
 Metaspace       used 281269K, committed 282752K, reserved 1310720K
  class space    used 36399K, committed 37120K, reserved 1048576K
}
Event: 5730.617 GC heap before
{Heap before GC invocations=152 (full 0):
 garbage-first heap   total 551936K, used 353266K [0x0000000080000000, 0x0000000100000000)
  region size 1024K, 92 young (94208K), 3 survivors (3072K)
 Metaspace       used 288245K, committed 289792K, reserved 1310720K
  class space    used 37349K, committed 38080K, reserved 1048576K
}

