# JRE version: OpenJDK Runtime Environment (17.0.11) (build 17.0.11+0--11852314)
# Java VM: OpenJDK 64-Bit Server VM (17.0.11+0--11852314, mixed mode, tiered, compressed oops, compressed class ptrs, g1 gc, windows-amd64)
GC Precious Log:
 CPUs: 4 total, 4 available
 Memory: 8077M
 Large Page Support: Disabled
 NUMA Support: Disabled
 Compressed Oops: Enabled (32-bit)
 Heap Region Size: 1M
 Heap Min Capacity: 8M
 Heap Initial Capacity: 128M
 Heap Max Capacity: 2G
 Pre-touch: Disabled
 Parallel Workers: 4
 Concurrent Workers: 1
 Concurrent Refinement Workers: 4
 Periodic GC: Disabled
Heap:
 garbage-first heap   total 434176K, used 229994K [0x0000000080000000, 0x0000000100000000)
  region size 1024K, 5 young (5120K), 5 survivors (5120K)
 Metaspace       used 122025K, committed 122880K, reserved 1179648K
  class space    used 16617K, committed 17024K, reserved 1048576K
GC Heap History (20 events):
Event: 23.363 GC heap after
{Heap after GC invocations=28 (full 0):
 garbage-first heap   total 201728K, used 111999K [0x0000000080000000, 0x0000000100000000)
  region size 1024K, 9 young (9216K), 9 survivors (9216K)
 Metaspace       used 97923K, committed 98752K, reserved 1179648K
  class space    used 13468K, committed 13888K, reserved 1048576K
}
Event: 24.446 GC heap before
{Heap before GC invocations=28 (full 0):
 garbage-first heap   total 201728K, used 173439K [0x0000000080000000, 0x0000000100000000)
  region size 1024K, 53 young (54272K), 9 survivors (9216K)
 Metaspace       used 98418K, committed 99200K, reserved 1179648K
  class space    used 13503K, committed 13888K, reserved 1048576K
}
Event: 24.466 GC heap after
{Heap after GC invocations=29 (full 0):
 garbage-first heap   total 201728K, used 117652K [0x0000000080000000, 0x0000000100000000)
  region size 1024K, 5 young (5120K), 5 survivors (5120K)
 Metaspace       used 98418K, committed 99200K, reserved 1179648K
  class space    used 13503K, committed 13888K, reserved 1048576K
}
Event: 25.008 GC heap before
{Heap before GC invocations=29 (full 0):
 garbage-first heap   total 201728K, used 156564K [0x0000000080000000, 0x0000000100000000)
  region size 1024K, 45 young (46080K), 5 survivors (5120K)
 Metaspace       used 100706K, committed 101440K, reserved 1179648K
  class space    used 13705K, committed 14080K, reserved 1048576K
}
Event: 25.019 GC heap after
{Heap after GC invocations=30 (full 0):
 garbage-first heap   total 201728K, used 122622K [0x0000000080000000, 0x0000000100000000)
  region size 1024K, 6 young (6144K), 6 survivors (6144K)
 Metaspace       used 100706K, committed 101440K, reserved 1179648K
  class space    used 13705K, committed 14080K, reserved 1048576K
}
Event: 25.917 GC heap before
{Heap before GC invocations=31 (full 0):
 garbage-first heap   total 220160K, used 161534K [0x0000000080000000, 0x0000000100000000)
  region size 1024K, 45 young (46080K), 6 survivors (6144K)
 Metaspace       used 101881K, committed 102656K, reserved 1179648K
  class space    used 13828K, committed 14208K, reserved 1048576K
}
Event: 25.929 GC heap after
{Heap after GC invocations=32 (full 0):
 garbage-first heap   total 220160K, used 127495K [0x0000000080000000, 0x0000000100000000)
  region size 1024K, 5 young (5120K), 5 survivors (5120K)
 Metaspace       used 101881K, committed 102656K, reserved 1179648K
  class space    used 13828K, committed 14208K, reserved 1048576K
}
Event: 26.019 GC heap before
{Heap before GC invocations=32 (full 0):
 garbage-first heap   total 220160K, used 131591K [0x0000000080000000, 0x0000000100000000)
  region size 1024K, 10 young (10240K), 5 survivors (5120K)
 Metaspace       used 102000K, committed 102784K, reserved 1179648K
  class space    used 13838K, committed 14208K, reserved 1048576K
}
Event: 26.039 GC heap after
{Heap after GC invocations=33 (full 0):
 garbage-first heap   total 440320K, used 120527K [0x0000000080000000, 0x0000000100000000)
  region size 1024K, 2 young (2048K), 2 survivors (2048K)
 Metaspace       used 102000K, committed 102784K, reserved 1179648K
  class space    used 13838K, committed 14208K, reserved 1048576K
}
Event: 30.439 GC heap before
{Heap before GC invocations=33 (full 0):
 garbage-first heap   total 440320K, used 317135K [0x0000000080000000, 0x0000000100000000)
  region size 1024K, 195 young (199680K), 2 survivors (2048K)
 Metaspace       used 106651K, committed 107520K, reserved 1179648K
  class space    used 14372K, committed 14784K, reserved 1048576K
}
Event: 30.466 GC heap after
{Heap after GC invocations=34 (full 0):
 garbage-first heap   total 440320K, used 127719K [0x0000000080000000, 0x0000000100000000)
  region size 1024K, 9 young (9216K), 9 survivors (9216K)
 Metaspace       used 106651K, committed 107520K, reserved 1179648K
  class space    used 14372K, committed 14784K, reserved 1048576K
}
Event: 35.203 GC heap before
{Heap before GC invocations=35 (full 0):
 garbage-first heap   total 406528K, used 375527K [0x0000000080000000, 0x0000000100000000)
  region size 1024K, 232 young (237568K), 9 survivors (9216K)
 Metaspace       used 113602K, committed 114496K, reserved 1179648K
  class space    used 15308K, committed 15744K, reserved 1048576K
}
Event: 35.251 GC heap after
{Heap after GC invocations=36 (full 0):
 garbage-first heap   total 409600K, used 151877K [0x0000000080000000, 0x0000000100000000)
  region size 1024K, 30 young (30720K), 30 survivors (30720K)
 Metaspace       used 113602K, committed 114496K, reserved 1179648K
  class space    used 15308K, committed 15744K, reserved 1048576K
}
Event: 35.263 GC heap before
{Heap before GC invocations=36 (full 0):
 garbage-first heap   total 409600K, used 152901K [0x0000000080000000, 0x0000000100000000)
  region size 1024K, 31 young (31744K), 30 survivors (30720K)
 Metaspace       used 113602K, committed 114496K, reserved 1179648K
  class space    used 15308K, committed 15744K, reserved 1048576K
}
Event: 35.303 GC heap after
{Heap after GC invocations=37 (full 0):
 garbage-first heap   total 409600K, used 149075K [0x0000000080000000, 0x0000000100000000)
  region size 1024K, 2 young (2048K), 2 survivors (2048K)
 Metaspace       used 113602K, committed 114496K, reserved 1179648K
  class space    used 15308K, committed 15744K, reserved 1048576K
}
Event: 37.612 GC heap before
{Heap before GC invocations=37 (full 0):
 garbage-first heap   total 409600K, used 319059K [0x0000000080000000, 0x0000000100000000)
  region size 1024K, 167 young (171008K), 2 survivors (2048K)
 Metaspace       used 119730K, committed 120640K, reserved 1179648K
  class space    used 16318K, committed 16768K, reserved 1048576K
}
Event: 37.701 GC heap after
{Heap after GC invocations=38 (full 0):
 garbage-first heap   total 409600K, used 206826K [0x0000000080000000, 0x0000000100000000)
  region size 1024K, 21 young (21504K), 21 survivors (21504K)
 Metaspace       used 119730K, committed 120640K, reserved 1179648K
  class space    used 16318K, committed 16768K, reserved 1048576K
}
Event: 39.196 GC heap before
{Heap before GC invocations=38 (full 0):
 garbage-first heap   total 409600K, used 304106K [0x0000000080000000, 0x0000000100000000)
  region size 1024K, 117 young (119808K), 21 survivors (21504K)
 Metaspace       used 121666K, committed 122560K, reserved 1179648K
  class space    used 16585K, committed 17024K, reserved 1048576K
}
Event: 39.269 GC heap after
{Heap after GC invocations=39 (full 0):
 garbage-first heap   total 409600K, used 220650K [0x0000000080000000, 0x0000000100000000)
  region size 1024K, 13 young (13312K), 13 survivors (13312K)
 Metaspace       used 121666K, committed 122560K, reserved 1179648K
  class space    used 16585K, committed 17024K, reserved 1048576K
}
Event: 40.178 GC heap before
{Heap before GC invocations=39 (full 0):
 garbage-first heap   total 409600K, used 321002K [0x0000000080000000, 0x0000000100000000)
  region size 1024K, 104 young (106496K), 13 survivors (13312K)
 Metaspace       used 122025K, committed 122880K, reserved 1179648K
  class space    used 16617K, committed 17024K, reserved 1048576K
}

